<?xml version="1.0" encoding="UTF-8"?>
<!-- Generated by org.testng.reporters.JUnitReportReporter -->
<testsuite skipped="0" hostname="DESKTOP-4KT847Q" name="tutorialselenium.PerformanceUsingStopWatch" tests="1" failures="0" timestamp="22 Apr 2020 15:01:02 GMT" time="17.416" errors="0">
  <testcase name="searchFlight" time="17.416" classname="tutorialselenium.PerformanceUsingStopWatch"/>
</testsuite> <!-- tutorialselenium.PerformanceUsingStopWatch -->
