<?xml version="1.0" encoding="UTF-8"?>
<!-- Generated by org.testng.reporters.JUnitReportReporter -->
<testsuite skipped="0" hostname="DESKTOP-4KT847Q" name="extenreports.seleniumlogintest" tests="1" failures="0" timestamp="15 Apr 2020 10:55:18 GMT" time="6.664" errors="0">
  <testcase name="test1_validLoginTest" time="6.664" classname="extenreports.seleniumlogintest"/>
</testsuite> <!-- extenreports.seleniumlogintest -->
