<?xml version="1.0" encoding="UTF-8"?>
<!-- Generated by org.testng.reporters.JUnitReportReporter -->
<testsuite skipped="0" hostname="DESKTOP-4KT847Q" name="tutorialselenium.DatabaseTestingMongoDB" tests="1" failures="0" timestamp="22 Apr 2020 09:31:42 GMT" time="30.065" errors="0">
  <testcase name="test" time="30.065" classname="tutorialselenium.DatabaseTestingMongoDB"/>
</testsuite> <!-- tutorialselenium.DatabaseTestingMongoDB -->
