<?xml version="1.0" encoding="UTF-8"?>
<!-- Generated by org.testng.reporters.JUnitReportReporter -->
<testsuite skipped="0" hostname="DESKTOP-4KT847Q" name="datadriven.UsingExcel_SingleDataSet" tests="1" failures="0" timestamp="16 Apr 2020 17:40:51 GMT" time="13.230" errors="0">
  <testcase name="testUsingExcel" time="13.230" classname="datadriven.UsingExcel_SingleDataSet"/>
</testsuite> <!-- datadriven.UsingExcel_SingleDataSet -->
