<?xml version="1.0" encoding="UTF-8"?>
<!-- Generated by org.testng.reporters.JUnitReportReporter -->
<testsuite skipped="0" hostname="DESKTOP-4KT847Q" name="performance.PerformanceTesting" tests="1" failures="0" timestamp="22 Apr 2020 11:36:18 GMT" time="48.183" errors="0">
  <testcase name="searchFlight" time="48.183" classname="performance.PerformanceTesting"/>
</testsuite> <!-- performance.PerformanceTesting -->
