<?xml version="1.0" encoding="UTF-8"?>
<!-- Generated by org.testng.reporters.JUnitReportReporter -->
<testsuite skipped="0" hostname="DESKTOP-4KT847Q" name="tutorialselenium.TestNG_TestCase" tests="1" failures="0" timestamp="30 Apr 2020 07:24:30 GMT" time="21.635" errors="0">
  <testcase name="testMethod" time="21.635" classname="tutorialselenium.TestNG_TestCase"/>
</testsuite> <!-- tutorialselenium.TestNG_TestCase -->
