<?xml version="1.0" encoding="UTF-8"?>
<!-- Generated by org.testng.reporters.JUnitReportReporter -->
<testsuite skipped="0" hostname="DESKTOP-4KT847Q" name="extenreports.seleniumlogintest1" tests="1" failures="0" timestamp="15 Apr 2020 13:36:53 GMT" time="7.847" errors="0">
  <testcase name="test1_validLoginTest" time="7.847" classname="extenreports.seleniumlogintest1"/>
</testsuite> <!-- extenreports.seleniumlogintest1 -->
