<?xml version="1.0" encoding="UTF-8"?>
<!-- Generated by org.testng.reporters.JUnitReportReporter -->
<testsuite skipped="0" hostname="DESKTOP-4KT847Q" name="extenreports.LoginTest" tests="1" failures="0" timestamp="16 Apr 2020 05:17:12 GMT" time="8.230" errors="0">
  <testcase name="test1_validLoginTest" time="8.230" classname="extenreports.LoginTest"/>
</testsuite> <!-- extenreports.LoginTest -->
