<?xml version="1.0" encoding="UTF-8"?>
<!-- Generated by org.testng.reporters.JUnitReportReporter -->
<testsuite skipped="0" hostname="DESKTOP-4KT847Q" name="extenreports.Test2" tests="1" failures="0" timestamp="15 Apr 2020 14:17:23 GMT" time="0.008" errors="0">
  <testcase name="testMethod" time="0.008" classname="extenreports.Test2"/>
</testsuite> <!-- extenreports.Test2 -->
