<?xml version="1.0" encoding="UTF-8"?>
<!-- Generated by org.testng.reporters.JUnitReportReporter -->
<testsuite skipped="0" hostname="DESKTOP-4KT847Q" name="datadriven.UsingExcel" tests="2" failures="0" timestamp="16 Apr 2020 12:19:39 GMT" time="12.755" errors="0">
  <testcase name="testUsingExcel" time="2.653" classname="datadriven.UsingExcel"/>
  <testcase name="testUsingExcel" time="10.102" classname="datadriven.UsingExcel"/>
</testsuite> <!-- datadriven.UsingExcel -->
