<?xml version="1.0" encoding="UTF-8"?>
<!-- Generated by org.testng.reporters.JUnitReportReporter -->
<testsuite skipped="0" hostname="DESKTOP-4KT847Q" name="extenreports.Test1" tests="1" failures="0" timestamp="15 Apr 2020 14:17:10 GMT" time="11.134" errors="0">
  <testcase name="test1_validLoginTest" time="11.134" classname="extenreports.Test1"/>
</testsuite> <!-- extenreports.Test1 -->
