<?xml version="1.0" encoding="UTF-8"?>
<!-- Generated by org.testng.reporters.JUnitReportReporter -->
<testsuite skipped="0" hostname="DESKTOP-4KT847Q" name="SumValidation" tests="1" failures="0" timestamp="19 May 2020 12:06:26 GMT" time="3.399" errors="0">
  <testcase name="sumOfCourses" time="3.399" classname="SumValidation"/>
</testsuite> <!-- SumValidation -->
