<?xml version="1.0" encoding="UTF-8"?>
<!-- Generated by org.testng.reporters.JUnitReportReporter -->
<testsuite skipped="0" hostname="DESKTOP-4KT847Q" name="testclasses.testng_dataprovider1" tests="3" failures="0" timestamp="14 Apr 2020 14:34:43 GMT" time="0.020" errors="0">
  <testcase name="testMethod1" time="0.014" classname="testclasses.testng_dataprovider1"/>
  <testcase name="testMethod1" time="0.003" classname="testclasses.testng_dataprovider1"/>
  <testcase name="testMethod1" time="0.003" classname="testclasses.testng_dataprovider1"/>
</testsuite> <!-- testclasses.testng_dataprovider1 -->
