<?xml version="1.0" encoding="UTF-8"?>
<!-- Generated by org.testng.reporters.JUnitReportReporter -->
<testsuite skipped="0" hostname="DESKTOP-4KT847Q" name="testclasses.testng_preserve2" tests="2" failures="0" timestamp="14 Apr 2020 09:38:04 GMT" time="0.005" errors="0">
  <testcase name="testMethod1" time="0.002" classname="testclasses.testng_preserve2"/>
  <testcase name="testMethod2" time="0.003" classname="testclasses.testng_preserve2"/>
</testsuite> <!-- testclasses.testng_preserve2 -->
