<?xml version="1.0" encoding="UTF-8"?>
<!-- Generated by org.testng.reporters.JUnitReportReporter -->
<testsuite skipped="0" hostname="DESKTOP-4KT847Q" name="testclasses.testng_grouping" tests="4" failures="0" timestamp="15 Apr 2020 09:50:05 GMT" time="0.021" errors="0">
  <testcase name="testBMWX6" time="0.003" classname="testclasses.testng_grouping"/>
  <testcase name="testAudiA6" time="0.012" classname="testclasses.testng_grouping"/>
  <testcase name="testHondaCBR" time="0.003" classname="testclasses.testng_grouping"/>
  <testcase name="testNinja" time="0.003" classname="testclasses.testng_grouping"/>
</testsuite> <!-- testclasses.testng_grouping -->
