<?xml version="1.0" encoding="UTF-8"?>
<!-- Generated by org.testng.reporters.JUnitReportReporter -->
<testsuite skipped="0" hostname="DESKTOP-4KT847Q" name="regressionsuite.testng_testclass1" tests="2" failures="0" timestamp="14 Apr 2020 04:33:45 GMT" time="0.016" errors="0">
  <testcase name="testMethod1" time="0.011" classname="regressionsuite.testng_testclass1"/>
  <testcase name="testMethod2" time="0.005" classname="regressionsuite.testng_testclass1"/>
</testsuite> <!-- regressionsuite.testng_testclass1 -->
