<?xml version="1.0" encoding="UTF-8"?>
<!-- Generated by org.testng.reporters.JUnitReportReporter -->
<testsuite skipped="0" hostname="DESKTOP-4KT847Q" name="testclasses.testng_testclass2" tests="2" failures="0" timestamp="13 Apr 2020 17:39:49 GMT" time="0.012" errors="0">
  <testcase name="testMethod1" time="0.007" classname="testclasses.testng_testclass2"/>
  <testcase name="testMethod2" time="0.005" classname="testclasses.testng_testclass2"/>
</testsuite> <!-- testclasses.testng_testclass2 -->
