<?xml version="1.0" encoding="UTF-8"?>
<!-- Generated by org.testng.reporters.JUnitReportReporter -->
<testsuite skipped="0" hostname="DESKTOP-4KT847Q" name="testclasses.testng_beforeclassannotations" tests="2" failures="0" timestamp="13 Apr 2020 15:13:37 GMT" time="0.013" errors="0">
  <testcase name="testMethod2" time="0.003" classname="testclasses.testng_beforeclassannotations"/>
  <testcase name="testMethod1" time="0.010" classname="testclasses.testng_beforeclassannotations"/>
</testsuite> <!-- testclasses.testng_beforeclassannotations -->
