<?xml version="1.0" encoding="UTF-8"?>
<!-- Generated by org.testng.reporters.JUnitReportReporter -->
<testsuite skipped="0" hostname="DESKTOP-4KT847Q" name="testclasses.testannotations" tests="3" failures="0" timestamp="13 Apr 2020 13:04:52 GMT" time="0.032" errors="0">
  <testcase name="testMethod1" time="0.028" classname="testclasses.testannotations"/>
  <testcase name="testMethod3" time="0.002" classname="testclasses.testannotations"/>
  <testcase name="testMethod2" time="0.002" classname="testclasses.testannotations"/>
</testsuite> <!-- testclasses.testannotations -->
