<?xml version="1.0" encoding="UTF-8"?>
<!-- Generated by org.testng.reporters.JUnitReportReporter -->
<testsuite skipped="0" hostname="DESKTOP-4KT847Q" name="testclasses.testng_screenshotonfailure" tests="1" failures="0" timestamp="14 Apr 2020 17:54:04 GMT" time="11.842" errors="0">
  <testcase name="testLogin" time="11.842" classname="testclasses.testng_screenshotonfailure"/>
</testsuite> <!-- testclasses.testng_screenshotonfailure -->
