<?xml version="1.0" encoding="UTF-8"?>
<!-- Generated by org.testng.reporters.JUnitReportReporter -->
<testsuite skipped="0" hostname="DESKTOP-4KT847Q" name="systeminteraction.WindowsAuthentication" tests="1" failures="0" timestamp="17 Apr 2020 10:53:33 GMT" time="0.345" errors="0">
  <testcase name="handleAuthenticationon" time="0.345" classname="systeminteraction.WindowsAuthentication"/>
</testsuite> <!-- systeminteraction.WindowsAuthentication -->
