<?xml version="1.0" encoding="UTF-8"?>
<!-- Generated by org.testng.reporters.JUnitReportReporter -->
<testsuite skipped="1" hostname="DESKTOP-4KT847Q" name="testclasses.testng_enabletimeout" tests="2" failures="0" timestamp="14 Apr 2020 05:59:54 GMT" time="0.216" errors="0">
  <testcase name="testMethod2" time="0.216" classname="testclasses.testng_enabletimeout"/>
  <testcase name="testMethod1" classname="testclasses.testng_enabletimeout">
    <skipped/>
  </testcase> <!-- testMethod1 -->
</testsuite> <!-- testclasses.testng_enabletimeout -->
