<?xml version="1.0" encoding="UTF-8"?>
<!-- Generated by org.testng.reporters.JUnitReportReporter -->
<testsuite skipped="0" hostname="DESKTOP-4KT847Q" name="testclasses.testng_testparameters" tests="1" failures="0" timestamp="14 Apr 2020 09:46:49 GMT" time="0.007" errors="0">
  <testcase name="testMethod1" time="0.007" classname="testclasses.testng_testparameters"/>
</testsuite> <!-- testclasses.testng_testparameters -->
