<?xml version="1.0" encoding="UTF-8"?>
<!-- Generated by org.testng.reporters.JUnitReportReporter -->
<testsuite skipped="0" hostname="DESKTOP-4KT847Q" name="testclasses.testng_priority" tests="3" failures="0" timestamp="14 Apr 2020 04:49:19 GMT" time="0.017" errors="0">
  <testcase name="testMethod3" time="0.008" classname="testclasses.testng_priority"/>
  <testcase name="testMethod2" time="0.007" classname="testclasses.testng_priority"/>
  <testcase name="testMethod1" time="0.002" classname="testclasses.testng_priority"/>
</testsuite> <!-- testclasses.testng_priority -->
