<?xml version="1.0" encoding="UTF-8"?>
<!-- Generated by org.testng.reporters.JUnitReportReporter -->
<testsuite skipped="0" hostname="DESKTOP-4KT847Q" name="testclasses.testng_parallel2" tests="2" failures="0" timestamp="14 Apr 2020 10:41:24 GMT" time="12.006" errors="0">
  <testcase name="testMethod1" time="6.002" classname="testclasses.testng_parallel2"/>
  <testcase name="testMethod2" time="6.004" classname="testclasses.testng_parallel2"/>
</testsuite> <!-- testclasses.testng_parallel2 -->
