<?xml version="1.0" encoding="UTF-8"?>
<!-- Generated by org.testng.reporters.JUnitReportReporter -->
<testsuite skipped="0" hostname="DESKTOP-4KT847Q" name="com.expedia.flightsbooking.TestNG_TestSuite" tests="1" failures="0" timestamp="22 Apr 2020 16:13:18 GMT" time="14.909" errors="0">
  <testcase name="fillBasicInfo" time="14.909" classname="com.expedia.flightsbooking.TestNG_TestSuite"/>
</testsuite> <!-- com.expedia.flightsbooking.TestNG_TestSuite -->
