<?xml version="1.0" encoding="UTF-8"?>
<!-- Generated by org.testng.reporters.JUnitReportReporter -->
<testsuite skipped="0" hostname="DESKTOP-4KT847Q" name="com.expedia.flightsbooking.testng_grouping" tests="4" failures="0" timestamp="22 Apr 2020 18:03:23 GMT" time="0.014" errors="0">
  <testcase name="testHondaCBR" time="0.002" classname="com.expedia.flightsbooking.testng_grouping"/>
  <testcase name="testAudiA6" time="0.007" classname="com.expedia.flightsbooking.testng_grouping"/>
  <testcase name="testNinja" time="0.002" classname="com.expedia.flightsbooking.testng_grouping"/>
  <testcase name="testBMWX6" time="0.003" classname="com.expedia.flightsbooking.testng_grouping"/>
</testsuite> <!-- com.expedia.flightsbooking.testng_grouping -->
